{
  "stats": {
    "suites": 3,
    "tests": 3,
    "passes": 2,
    "pending": 0,
    "failures": 1,
    "start": "2024-05-30T11:41:24.810Z",
    "end": "2024-05-30T11:41:31.862Z",
    "duration": 7052,
    "testsRegistered": 3,
    "passPercent": 66.66666666666666,
    "pendingPercent": 0,
    "other": 0,
    "hasOther": false,
    "skipped": 0,
    "hasSkipped": false
  },
  "results": [
    {
      "uuid": "fc3b33ca-87b5-4bae-8f84-7b819cd1c8cf",
      "title": "",
      "fullFile": "cypress/e2e/spec.cy.js",
      "file": "cypress/e2e/spec.cy.js",
      "beforeHooks": [],
      "afterHooks": [],
      "tests": [],
      "suites": [
        {
          "uuid": "315b1148-c09b-43d6-92e9-d98ba304a1aa",
          "title": "template spec",
          "fullFile": "",
          "file": "",
          "beforeHooks": [],
          "afterHooks": [],
          "tests": [
            {
              "title": "passes",
              "fullTitle": "template spec passes",
              "timedOut": null,
              "duration": 395,
              "state": "passed",
              "speed": "fast",
              "pass": true,
              "fail": false,
              "pending": false,
              "context": "{\n  \"title\": \"cypress-mochawesome-reporter-videos-passed\",\n  \"value\": \"cypress/e2e/spec.cy.js\"\n}",
              "code": "cy.visit('https://example.cypress.io');\ncy.get('#utilities').should('exist');",
              "err": {},
              "uuid": "6f9b00f8-7d1c-49c0-bea9-655825cae142",
              "parentUUID": "315b1148-c09b-43d6-92e9-d98ba304a1aa",
              "isHook": false,
              "skipped": false
            }
          ],
          "suites": [],
          "passes": [
            "6f9b00f8-7d1c-49c0-bea9-655825cae142"
          ],
          "failures": [],
          "pending": [],
          "skipped": [],
          "duration": 395,
          "root": false,
          "rootEmpty": false,
          "_timeout": 2000
        },
        {
          "uuid": "3581a951-c8f7-498c-b03b-3bc6bbfde3de",
          "title": "template spec",
          "fullFile": "",
          "file": "",
          "beforeHooks": [],
          "afterHooks": [],
          "tests": [
            {
              "title": "passes",
              "fullTitle": "template spec passes",
              "timedOut": null,
              "duration": 142,
              "state": "passed",
              "speed": "fast",
              "pass": true,
              "fail": false,
              "pending": false,
              "context": "{\n  \"title\": \"cypress-mochawesome-reporter-videos-passed\",\n  \"value\": \"cypress/e2e/spec.cy.js\"\n}",
              "code": "cy.visit('https://example.cypress.io');\ncy.get('#utilities').should('exist');",
              "err": {},
              "uuid": "52cefbe6-261e-4731-9401-df9773319578",
              "parentUUID": "3581a951-c8f7-498c-b03b-3bc6bbfde3de",
              "isHook": false,
              "skipped": false
            }
          ],
          "suites": [],
          "passes": [
            "52cefbe6-261e-4731-9401-df9773319578"
          ],
          "failures": [],
          "pending": [],
          "skipped": [],
          "duration": 142,
          "root": false,
          "rootEmpty": false,
          "_timeout": 2000
        },
        {
          "uuid": "a5f612e7-a7c4-404c-be08-8b99d56e6179",
          "title": "template spec",
          "fullFile": "",
          "file": "",
          "beforeHooks": [],
          "afterHooks": [],
          "tests": [
            {
              "title": "passes",
              "fullTitle": "template spec passes",
              "timedOut": null,
              "duration": 4299,
              "state": "failed",
              "speed": null,
              "pass": false,
              "fail": true,
              "pending": false,
              "context": "[\n  {\n    \"title\": \"cypress-mochawesome-reporter-videos-failed\",\n    \"value\": \"cypress/e2e/spec.cy.js\"\n  },\n  {\n    \"title\": \"cypress-mochawesome-reporter-screenshots\",\n    \"value\": [\n      [\n        \"/spec.cy.js/template spec -- passes (failed).png\"\n      ]\n    ]\n  }\n]",
              "code": "cy.visit('https://example.cypress.io');\ncy.get('#utilities').should('not.exist');",
              "err": {
                "message": "AssertionError: Timed out retrying after 4000ms: Expected <div#utilities.col-xs-12> not to exist in the DOM, but it was continuously found.",
                "estack": "AssertionError: Timed out retrying after 4000ms: Expected <div#utilities.col-xs-12> not to exist in the DOM, but it was continuously found.\n    at Context.eval (webpack://cy-reporters/./cypress/e2e/spec.cy.js:19:25)",
                "diff": null
              },
              "uuid": "88956d98-548d-46b4-b310-439c3274a517",
              "parentUUID": "a5f612e7-a7c4-404c-be08-8b99d56e6179",
              "isHook": false,
              "skipped": false
            }
          ],
          "suites": [],
          "passes": [],
          "failures": [
            "88956d98-548d-46b4-b310-439c3274a517"
          ],
          "pending": [],
          "skipped": [],
          "duration": 4299,
          "root": false,
          "rootEmpty": false,
          "_timeout": 2000
        }
      ],
      "passes": [],
      "failures": [],
      "pending": [],
      "skipped": [],
      "duration": 0,
      "root": true,
      "rootEmpty": true,
      "_timeout": 2000
    }
  ],
  "meta": {
    "mocha": {
      "version": "7.0.1"
    },
    "mochawesome": {
      "options": {
        "quiet": false,
        "reportFilename": "mochawesome",
        "saveHtml": false,
        "saveJson": true,
        "consoleReporter": "spec",
        "useInlineDiffs": false,
        "code": true
      },
      "version": "7.1.3"
    },
    "marge": {
      "options": {
        "id": "default",
        "cypressParallel": "true",
        "overwrite": false,
        "html": false,
        "json": true,
        "reportDir": "cypress/reports/html/.jsons"
      },
      "version": "6.2.0"
    }
  }
}