{
  "stats": {
    "suites": 3,
    "tests": 3,
    "passes": 2,
    "pending": 0,
    "failures": 1,
    "start": "2024-05-30T10:39:44.188Z",
    "end": "2024-05-30T10:39:51.503Z",
    "duration": 7315,
    "testsRegistered": 3,
    "passPercent": 66.66666666666666,
    "pendingPercent": 0,
    "other": 0,
    "hasOther": false,
    "skipped": 0,
    "hasSkipped": false
  },
  "results": [
    {
      "uuid": "718f8c8c-e5bb-4159-b3cd-ebbd449480ec",
      "title": "",
      "fullFile": "cypress/e2e/spec.cy.js",
      "file": "cypress/e2e/spec.cy.js",
      "beforeHooks": [],
      "afterHooks": [],
      "tests": [],
      "suites": [
        {
          "uuid": "d7fe0910-e508-423e-ba41-48f5d94098ab",
          "title": "template spec",
          "fullFile": "",
          "file": "",
          "beforeHooks": [],
          "afterHooks": [],
          "tests": [
            {
              "title": "passes",
              "fullTitle": "template spec passes",
              "timedOut": null,
              "duration": 427,
              "state": "passed",
              "speed": "fast",
              "pass": true,
              "fail": false,
              "pending": false,
              "context": "{\n  \"title\": \"cypress-mochawesome-reporter-videos-passed\",\n  \"value\": \"cypress/e2e/spec.cy.js\"\n}",
              "code": "cy.visit('https://example.cypress.io');\ncy.get('#utilities').should('exist');",
              "err": {},
              "uuid": "c0826566-9e7a-4cb1-8827-71d4495c59fb",
              "parentUUID": "d7fe0910-e508-423e-ba41-48f5d94098ab",
              "isHook": false,
              "skipped": false
            }
          ],
          "suites": [],
          "passes": [
            "c0826566-9e7a-4cb1-8827-71d4495c59fb"
          ],
          "failures": [],
          "pending": [],
          "skipped": [],
          "duration": 427,
          "root": false,
          "rootEmpty": false,
          "_timeout": 2000
        },
        {
          "uuid": "10c3aed7-343e-4075-b537-cd457b8e3857",
          "title": "template spec",
          "fullFile": "",
          "file": "",
          "beforeHooks": [],
          "afterHooks": [],
          "tests": [
            {
              "title": "passes",
              "fullTitle": "template spec passes",
              "timedOut": null,
              "duration": 138,
              "state": "passed",
              "speed": "fast",
              "pass": true,
              "fail": false,
              "pending": false,
              "context": "{\n  \"title\": \"cypress-mochawesome-reporter-videos-passed\",\n  \"value\": \"cypress/e2e/spec.cy.js\"\n}",
              "code": "cy.visit('https://example.cypress.io');\ncy.get('#utilities').should('exist');",
              "err": {},
              "uuid": "478d65e2-f508-4323-aafb-325f3bb7e4ad",
              "parentUUID": "10c3aed7-343e-4075-b537-cd457b8e3857",
              "isHook": false,
              "skipped": false
            }
          ],
          "suites": [],
          "passes": [
            "478d65e2-f508-4323-aafb-325f3bb7e4ad"
          ],
          "failures": [],
          "pending": [],
          "skipped": [],
          "duration": 138,
          "root": false,
          "rootEmpty": false,
          "_timeout": 2000
        },
        {
          "uuid": "2e3e4970-a883-4480-925d-5608b037b4af",
          "title": "template spec",
          "fullFile": "",
          "file": "",
          "beforeHooks": [],
          "afterHooks": [],
          "tests": [
            {
              "title": "passes",
              "fullTitle": "template spec passes",
              "timedOut": null,
              "duration": 4321,
              "state": "failed",
              "speed": null,
              "pass": false,
              "fail": true,
              "pending": false,
              "context": "[\n  {\n    \"title\": \"cypress-mochawesome-reporter-videos-failed\",\n    \"value\": \"cypress/e2e/spec.cy.js\"\n  },\n  {\n    \"title\": \"cypress-mochawesome-reporter-screenshots\",\n    \"value\": [\n      [\n        \"/spec.cy.js/template spec -- passes (failed).png\"\n      ]\n    ]\n  }\n]",
              "code": "cy.visit('https://example.cypress.io');\ncy.get('#utilities').should('not.exist');",
              "err": {
                "message": "AssertionError: Timed out retrying after 4000ms: Expected <div#utilities.col-xs-12> not to exist in the DOM, but it was continuously found.",
                "estack": "AssertionError: Timed out retrying after 4000ms: Expected <div#utilities.col-xs-12> not to exist in the DOM, but it was continuously found.\n    at Context.eval (webpack://cy-reporters/./cypress/e2e/spec.cy.js:19:25)",
                "diff": null
              },
              "uuid": "350ab1f2-a774-46f2-8277-c335735bfe02",
              "parentUUID": "2e3e4970-a883-4480-925d-5608b037b4af",
              "isHook": false,
              "skipped": false
            }
          ],
          "suites": [],
          "passes": [],
          "failures": [
            "350ab1f2-a774-46f2-8277-c335735bfe02"
          ],
          "pending": [],
          "skipped": [],
          "duration": 4321,
          "root": false,
          "rootEmpty": false,
          "_timeout": 2000
        }
      ],
      "passes": [],
      "failures": [],
      "pending": [],
      "skipped": [],
      "duration": 0,
      "root": true,
      "rootEmpty": true,
      "_timeout": 2000
    }
  ],
  "meta": {
    "mocha": {
      "version": "7.0.1"
    },
    "mochawesome": {
      "options": {
        "quiet": false,
        "reportFilename": "mochawesome",
        "saveHtml": false,
        "saveJson": true,
        "consoleReporter": "spec",
        "useInlineDiffs": false,
        "code": true
      },
      "version": "7.1.3"
    },
    "marge": {
      "options": {
        "id": "default",
        "cypressParallel": "true",
        "videoOnFailOnly": "true",
        "charts": "true",
        "embeddedScreenshots": "true",
        "inlineAssets": "true",
        "saveJson": "true",
        "overwrite": false,
        "html": false,
        "json": true,
        "reportDir": "cypress/reports/html/.jsons"
      },
      "version": "6.2.0"
    }
  }
}