{
  "stats": {
    "suites": 3,
    "tests": 3,
    "passes": 3,
    "pending": 0,
    "failures": 0,
    "start": "2024-05-30T11:31:59.745Z",
    "end": "2024-05-30T11:32:01.911Z",
    "duration": 2166,
    "testsRegistered": 3,
    "passPercent": 100,
    "pendingPercent": 0,
    "other": 0,
    "hasOther": false,
    "skipped": 0,
    "hasSkipped": false
  },
  "results": [
    {
      "uuid": "92521949-1747-4097-b580-58b51aebdb28",
      "title": "",
      "fullFile": "cypress/e2e/spec2.cy.js",
      "file": "cypress/e2e/spec2.cy.js",
      "beforeHooks": [],
      "afterHooks": [],
      "tests": [],
      "suites": [
        {
          "uuid": "e7e41a18-9de0-4164-858c-2ac2598c3d54",
          "title": "template spec",
          "fullFile": "",
          "file": "",
          "beforeHooks": [],
          "afterHooks": [],
          "tests": [
            {
              "title": "passes",
              "fullTitle": "template spec passes",
              "timedOut": null,
              "duration": 246,
              "state": "passed",
              "speed": "fast",
              "pass": true,
              "fail": false,
              "pending": false,
              "context": "{\n  \"title\": \"cypress-mochawesome-reporter-videos-passed\",\n  \"value\": \"cypress/e2e/spec2.cy.js\"\n}",
              "code": "cy.visit('https://example.cypress.io');\ncy.get('#utilities').should('exist');",
              "err": {},
              "uuid": "d8314b28-2233-41c4-8fd7-d3b06dc89404",
              "parentUUID": "e7e41a18-9de0-4164-858c-2ac2598c3d54",
              "isHook": false,
              "skipped": false
            }
          ],
          "suites": [],
          "passes": [
            "d8314b28-2233-41c4-8fd7-d3b06dc89404"
          ],
          "failures": [],
          "pending": [],
          "skipped": [],
          "duration": 246,
          "root": false,
          "rootEmpty": false,
          "_timeout": 2000
        },
        {
          "uuid": "67532026-846c-476d-8dce-c98ac66321b3",
          "title": "template spec",
          "fullFile": "",
          "file": "",
          "beforeHooks": [],
          "afterHooks": [],
          "tests": [
            {
              "title": "passes",
              "fullTitle": "template spec passes",
              "timedOut": null,
              "duration": 95,
              "state": "passed",
              "speed": "fast",
              "pass": true,
              "fail": false,
              "pending": false,
              "context": "{\n  \"title\": \"cypress-mochawesome-reporter-videos-passed\",\n  \"value\": \"cypress/e2e/spec2.cy.js\"\n}",
              "code": "cy.visit('https://example.cypress.io');\ncy.get('#utilities').should('exist');",
              "err": {},
              "uuid": "dd19b32f-274f-49d3-a864-91eba901b457",
              "parentUUID": "67532026-846c-476d-8dce-c98ac66321b3",
              "isHook": false,
              "skipped": false
            }
          ],
          "suites": [],
          "passes": [
            "dd19b32f-274f-49d3-a864-91eba901b457"
          ],
          "failures": [],
          "pending": [],
          "skipped": [],
          "duration": 95,
          "root": false,
          "rootEmpty": false,
          "_timeout": 2000
        },
        {
          "uuid": "b25d50a9-bdff-4050-9b93-174afbdc9a48",
          "title": "template spec",
          "fullFile": "",
          "file": "",
          "beforeHooks": [],
          "afterHooks": [],
          "tests": [
            {
              "title": "passes",
              "fullTitle": "template spec passes",
              "timedOut": null,
              "duration": 88,
              "state": "passed",
              "speed": "fast",
              "pass": true,
              "fail": false,
              "pending": false,
              "context": "{\n  \"title\": \"cypress-mochawesome-reporter-videos-passed\",\n  \"value\": \"cypress/e2e/spec2.cy.js\"\n}",
              "code": "cy.visit('https://example.cypress.io');\ncy.get('#utilities').should('exist');",
              "err": {},
              "uuid": "1be3b4b4-d9f4-4432-afcd-96fb42a3ef5b",
              "parentUUID": "b25d50a9-bdff-4050-9b93-174afbdc9a48",
              "isHook": false,
              "skipped": false
            }
          ],
          "suites": [],
          "passes": [
            "1be3b4b4-d9f4-4432-afcd-96fb42a3ef5b"
          ],
          "failures": [],
          "pending": [],
          "skipped": [],
          "duration": 88,
          "root": false,
          "rootEmpty": false,
          "_timeout": 2000
        }
      ],
      "passes": [],
      "failures": [],
      "pending": [],
      "skipped": [],
      "duration": 0,
      "root": true,
      "rootEmpty": true,
      "_timeout": 2000
    }
  ],
  "meta": {
    "mocha": {
      "version": "7.0.1"
    },
    "mochawesome": {
      "options": {
        "quiet": false,
        "reportFilename": "mochawesome",
        "saveHtml": false,
        "saveJson": true,
        "consoleReporter": "spec",
        "useInlineDiffs": false,
        "code": true
      },
      "version": "7.1.3"
    },
    "marge": {
      "options": {
        "id": "default",
        "cypressParallel": "true",
        "videoOnFailOnly": "true",
        "charts": "true",
        "embeddedScreenshots": "true",
        "inlineAssets": "true",
        "saveJson": "true’",
        "overwrite": false,
        "html": false,
        "json": true,
        "reportDir": "cypress/reports/html/.jsons"
      },
      "version": "6.2.0"
    }
  }
}