{
  "stats": {
    "suites": 3,
    "tests": 3,
    "passes": 3,
    "pending": 0,
    "failures": 0,
    "start": "2024-05-30T13:47:54.191Z",
    "end": "2024-05-30T13:47:57.260Z",
    "duration": 3069,
    "testsRegistered": 3,
    "passPercent": 100,
    "pendingPercent": 0,
    "other": 0,
    "hasOther": false,
    "skipped": 0,
    "hasSkipped": false
  },
  "results": [
    {
      "uuid": "f5befc66-1962-49b7-9b29-5e9ee64cab4f",
      "title": "",
      "fullFile": "cypress/e2e/spec1.cy.js",
      "file": "cypress/e2e/spec1.cy.js",
      "beforeHooks": [],
      "afterHooks": [],
      "tests": [],
      "suites": [
        {
          "uuid": "65c8abe9-eafb-434d-871a-c37621b31e12",
          "title": "template spec",
          "fullFile": "",
          "file": "",
          "beforeHooks": [],
          "afterHooks": [],
          "tests": [
            {
              "title": "passes",
              "fullTitle": "template spec passes",
              "timedOut": null,
              "duration": 471,
              "state": "passed",
              "speed": "fast",
              "pass": true,
              "fail": false,
              "pending": false,
              "context": "{\n  \"title\": \"cypress-mochawesome-reporter-videos-passed\",\n  \"value\": \"cypress/e2e/spec1.cy.js\"\n}",
              "code": "cy.visit('https://example.cypress.io');\ncy.get('#utilities').should('exist');",
              "err": {},
              "uuid": "28ac3460-68a6-44a2-89e1-5bcc2e1d413a",
              "parentUUID": "65c8abe9-eafb-434d-871a-c37621b31e12",
              "isHook": false,
              "skipped": false
            }
          ],
          "suites": [],
          "passes": [
            "28ac3460-68a6-44a2-89e1-5bcc2e1d413a"
          ],
          "failures": [],
          "pending": [],
          "skipped": [],
          "duration": 471,
          "root": false,
          "rootEmpty": false,
          "_timeout": 2000
        },
        {
          "uuid": "b6b58bd7-b6db-4609-87e6-8d3dfb9f07c3",
          "title": "template spec",
          "fullFile": "",
          "file": "",
          "beforeHooks": [],
          "afterHooks": [],
          "tests": [
            {
              "title": "passes",
              "fullTitle": "template spec passes",
              "timedOut": null,
              "duration": 144,
              "state": "passed",
              "speed": "fast",
              "pass": true,
              "fail": false,
              "pending": false,
              "context": "{\n  \"title\": \"cypress-mochawesome-reporter-videos-passed\",\n  \"value\": \"cypress/e2e/spec1.cy.js\"\n}",
              "code": "cy.visit('https://example.cypress.io');\ncy.get('#utilities').should('exist');",
              "err": {},
              "uuid": "cfd2e45e-4c55-40b9-9831-e25c6a5692a7",
              "parentUUID": "b6b58bd7-b6db-4609-87e6-8d3dfb9f07c3",
              "isHook": false,
              "skipped": false
            }
          ],
          "suites": [],
          "passes": [
            "cfd2e45e-4c55-40b9-9831-e25c6a5692a7"
          ],
          "failures": [],
          "pending": [],
          "skipped": [],
          "duration": 144,
          "root": false,
          "rootEmpty": false,
          "_timeout": 2000
        },
        {
          "uuid": "2dfbd10f-3e18-4a25-a1ce-fabaf09d46ae",
          "title": "template spec",
          "fullFile": "",
          "file": "",
          "beforeHooks": [],
          "afterHooks": [],
          "tests": [
            {
              "title": "passes",
              "fullTitle": "template spec passes",
              "timedOut": null,
              "duration": 177,
              "state": "passed",
              "speed": "fast",
              "pass": true,
              "fail": false,
              "pending": false,
              "context": "{\n  \"title\": \"cypress-mochawesome-reporter-videos-passed\",\n  \"value\": \"cypress/e2e/spec1.cy.js\"\n}",
              "code": "cy.visit('https://example.cypress.io');\ncy.get('#utilities').should('exist');",
              "err": {},
              "uuid": "75629e89-e33c-460f-80a0-14a58f6c355f",
              "parentUUID": "2dfbd10f-3e18-4a25-a1ce-fabaf09d46ae",
              "isHook": false,
              "skipped": false
            }
          ],
          "suites": [],
          "passes": [
            "75629e89-e33c-460f-80a0-14a58f6c355f"
          ],
          "failures": [],
          "pending": [],
          "skipped": [],
          "duration": 177,
          "root": false,
          "rootEmpty": false,
          "_timeout": 2000
        }
      ],
      "passes": [],
      "failures": [],
      "pending": [],
      "skipped": [],
      "duration": 0,
      "root": true,
      "rootEmpty": true,
      "_timeout": 2000
    }
  ],
  "meta": {
    "mocha": {
      "version": "7.0.1"
    },
    "mochawesome": {
      "options": {
        "quiet": false,
        "reportFilename": "mochawesome",
        "saveHtml": false,
        "saveJson": true,
        "consoleReporter": "spec",
        "useInlineDiffs": false,
        "code": true
      },
      "version": "7.1.3"
    },
    "marge": {
      "options": {
        "id": "default",
        "cypressParallel": "true",
        "videoOnFailOnly": "true",
        "charts": "true",
        "embeddedScreenshots": "true",
        "inlineAssets": "true",
        "saveJson": "true",
        "overwrite": false,
        "html": false,
        "json": true,
        "reportDir": "cypress/reports/html/.jsons"
      },
      "version": "6.2.0"
    }
  }
}