{
  "stats": {
    "suites": 3,
    "tests": 3,
    "passes": 3,
    "pending": 0,
    "failures": 0,
    "start": "2024-05-30T14:48:23.871Z",
    "end": "2024-05-30T14:48:26.915Z",
    "duration": 3044,
    "testsRegistered": 3,
    "passPercent": 100,
    "pendingPercent": 0,
    "other": 0,
    "hasOther": false,
    "skipped": 0,
    "hasSkipped": false
  },
  "results": [
    {
      "uuid": "b03b8393-683a-48d6-8b12-9f14de306138",
      "title": "",
      "fullFile": "cypress/e2e/spec1.cy.js",
      "file": "cypress/e2e/spec1.cy.js",
      "beforeHooks": [],
      "afterHooks": [],
      "tests": [],
      "suites": [
        {
          "uuid": "cc8b4e55-8931-41ae-9de9-5dab1639a2bb",
          "title": "template spec",
          "fullFile": "",
          "file": "",
          "beforeHooks": [],
          "afterHooks": [],
          "tests": [
            {
              "title": "passes",
              "fullTitle": "template spec passes",
              "timedOut": null,
              "duration": 444,
              "state": "passed",
              "speed": "fast",
              "pass": true,
              "fail": false,
              "pending": false,
              "context": "{\n  \"title\": \"cypress-mochawesome-reporter-videos-passed\",\n  \"value\": \"cypress/e2e/spec1.cy.js\"\n}",
              "code": "cy.visit('https://example.cypress.io');\ncy.get('#utilities').should('exist');",
              "err": {},
              "uuid": "cd8e553f-3d53-4d59-aef0-7922658eb371",
              "parentUUID": "cc8b4e55-8931-41ae-9de9-5dab1639a2bb",
              "isHook": false,
              "skipped": false
            }
          ],
          "suites": [],
          "passes": [
            "cd8e553f-3d53-4d59-aef0-7922658eb371"
          ],
          "failures": [],
          "pending": [],
          "skipped": [],
          "duration": 444,
          "root": false,
          "rootEmpty": false,
          "_timeout": 2000
        },
        {
          "uuid": "c0123165-7b47-49cb-8689-e1e6ae0a1d33",
          "title": "template spec",
          "fullFile": "",
          "file": "",
          "beforeHooks": [],
          "afterHooks": [],
          "tests": [
            {
              "title": "passes",
              "fullTitle": "template spec passes",
              "timedOut": null,
              "duration": 146,
              "state": "passed",
              "speed": "fast",
              "pass": true,
              "fail": false,
              "pending": false,
              "context": "{\n  \"title\": \"cypress-mochawesome-reporter-videos-passed\",\n  \"value\": \"cypress/e2e/spec1.cy.js\"\n}",
              "code": "cy.visit('https://example.cypress.io');\ncy.get('#utilities').should('exist');",
              "err": {},
              "uuid": "a1818e5f-bdfd-4842-be98-30bdf2d12e40",
              "parentUUID": "c0123165-7b47-49cb-8689-e1e6ae0a1d33",
              "isHook": false,
              "skipped": false
            }
          ],
          "suites": [],
          "passes": [
            "a1818e5f-bdfd-4842-be98-30bdf2d12e40"
          ],
          "failures": [],
          "pending": [],
          "skipped": [],
          "duration": 146,
          "root": false,
          "rootEmpty": false,
          "_timeout": 2000
        },
        {
          "uuid": "275b9186-b89c-4a6a-ab12-32a1dafc9982",
          "title": "template spec",
          "fullFile": "",
          "file": "",
          "beforeHooks": [],
          "afterHooks": [],
          "tests": [
            {
              "title": "passes",
              "fullTitle": "template spec passes",
              "timedOut": null,
              "duration": 133,
              "state": "passed",
              "speed": "fast",
              "pass": true,
              "fail": false,
              "pending": false,
              "context": "{\n  \"title\": \"cypress-mochawesome-reporter-videos-passed\",\n  \"value\": \"cypress/e2e/spec1.cy.js\"\n}",
              "code": "cy.visit('https://example.cypress.io');\ncy.get('#utilities').should('exist');",
              "err": {},
              "uuid": "d5bb9d8c-b21f-42f2-84ad-7f05382add5f",
              "parentUUID": "275b9186-b89c-4a6a-ab12-32a1dafc9982",
              "isHook": false,
              "skipped": false
            }
          ],
          "suites": [],
          "passes": [
            "d5bb9d8c-b21f-42f2-84ad-7f05382add5f"
          ],
          "failures": [],
          "pending": [],
          "skipped": [],
          "duration": 133,
          "root": false,
          "rootEmpty": false,
          "_timeout": 2000
        }
      ],
      "passes": [],
      "failures": [],
      "pending": [],
      "skipped": [],
      "duration": 0,
      "root": true,
      "rootEmpty": true,
      "_timeout": 2000
    }
  ],
  "meta": {
    "mocha": {
      "version": "7.0.1"
    },
    "mochawesome": {
      "options": {
        "quiet": false,
        "reportFilename": "mochawesome",
        "saveHtml": false,
        "saveJson": true,
        "consoleReporter": "spec",
        "useInlineDiffs": false,
        "code": true
      },
      "version": "7.1.3"
    },
    "marge": {
      "options": {
        "id": "default",
        "cypressParallel": "true",
        "videoOnFailOnly": "true",
        "charts": "true",
        "embeddedScreenshots": "true",
        "inlineAssets": "true",
        "saveJson": "true",
        "overwrite": false,
        "html": false,
        "json": true,
        "reportDir": "cypress/reports/html/.jsons"
      },
      "version": "6.2.0"
    }
  }
}